This is pdfTeX, Version 3.1415926-1.40.10 (TeX Live 2009/Debian) (format=pdflatex 2012.6.12)  6 JAN 2015 12:26
entering extended mode
 file:line:error style messages enabled.
 %&-line parsing enabled.
**stommelAnal.tex
(./stommelAnal.tex
LaTeX2e <2009/09/24>
Babel <v3.8l> and hyphenation patterns for english, usenglishmax, dumylang, noh
yphenation, ngerman, german, german-x-2009-06-19, ngerman-x-2009-06-19, bokmal,
 nynorsk, loaded.

./stommelAnal.tex:3: LaTeX Error: Missing \begin{document}.

See the LaTeX manual or LaTeX Companion for explanation.
Type  H <return>  for immediate help.
 ...                                              
                                                  
l.3 \frametitle
               {Bewegunsgleichungen}
? 
./stommelAnal.tex:3: Emergency stop.
 ...                                              
                                                  
l.3 \frametitle
               {Bewegunsgleichungen}
You're in trouble here.  Try typing  <return>  to proceed.
If that doesn't work, type  X <return>  to quit.

 
Here is how much of TeX's memory you used:
 7 strings out of 494900
 292 string characters out of 1178812
 45358 words of memory out of 3000000
 3305 multiletter control sequences out of 15000+50000
 3640 words of font info for 14 fonts, out of 3000000 for 9000
 118 hyphenation exceptions out of 8191
 7i,0n,5p,90b,20s stack positions out of 5000i,500n,10000p,200000b,50000s
./stommelAnal.tex:3:  ==> Fatal error occurred, no output PDF file produced!
