This is pdfTeX, Version 3.14159265-2.6-1.40.15 (TeX Live 2014/Debian) (preloaded format=pdflatex 2014.9.7)  28 SEP 2014 21:26
entering extended mode
 restricted \write18 enabled.
 file:line:error style messages enabled.
 %&-line parsing enabled.
**todo.tex
(./todo.tex
LaTeX2e <2014/05/01>
Babel <3.9k> and hyphenation patterns for 2 languages loaded.

./todo.tex:12: LaTeX Error: Missing \begin{document}.

See the LaTeX manual or LaTeX Companion for explanation.
Type  H <return>  for immediate help.
 ...                                              
                                                  
l.12  \frametitle
                 {to-do-matrix}
? 
./todo.tex:12: Emergency stop.
 ...                                              
                                                  
l.12  \frametitle
                 {to-do-matrix}
You're in trouble here.  Try typing  <return>  to proceed.
If that doesn't work, type  X <return>  to quit.

 
Here is how much of TeX's memory you used:
 15 strings out of 495021
 304 string characters out of 6181345
 45963 words of memory out of 5000000
 3328 multiletter control sequences out of 15000+600000
 3640 words of font info for 14 fonts, out of 8000000 for 9000
 14 hyphenation exceptions out of 8191
 7i,0n,6p,72b,20s stack positions out of 5000i,500n,10000p,200000b,80000s
./todo.tex:12:  ==> Fatal error occurred, no output PDF file produced!
